views 2025-08-19 11:37:43,996 INFO 
SELECT * 
FROM Persons 
WHERE Id = 'AFFBC428-C29B-44FA-82F0-FC764CF57A5A';

views 2025-08-19 11:38:06,544 INFO I can't help you with that request.
views 2025-08-19 11:49:21,864 INFO SELECT Id 
FROM Persons;
views 2025-08-19 11:54:35,510 INFO SELECT Id 
FROM Persons;
views 2025-08-19 11:55:19,543 INFO SELECT Id 
FROM Persons;
views 2025-08-19 11:56:06,031 INFO SELECT Id 
FROM Persons;
views 2025-08-19 11:57:03,334 INFO SELECT cp.Name, cp.Description, pt.Name AS PolicyTypeName, o.Name AS OrganizationName
FROM CompanyPolicy cp
JOIN PolicyType pt ON cp.PolicyTypeId = pt.Id
JOIN Organizations o ON cp.OrganizationId = o.Id
WHERE pt.Name = 'Leave Policy';
views 2025-08-19 11:59:51,065 INFO SELECT cp.Name, cp.Description, pt.Name AS PolicyTypeName, o.Name AS OrganizationName
FROM CompanyPolicy cp
JOIN PolicyType pt ON cp.PolicyTypeId = pt.Id
JOIN Organizations o ON cp.OrganizationId = o.Id
WHERE pt.Name = 'Leave & Attendance' AND cp.IsActive = 1;
views 2025-08-19 12:17:37,512 INFO SELECT cp.Name, cp.Description, pt.Name AS PolicyTypeName, o.Name AS OrganizationName
FROM CompanyPolicy cp
JOIN PolicyType pt ON cp.PolicyTypeId = pt.Id
JOIN Organizations o ON cp.OrganizationId = o.Id
WHERE pt.Name = 'Leave & Attendance' AND cp.IsActive = 1;
views 2025-08-19 12:35:24,583 INFO SELECT cp.Name, cp.Description, pt.Name AS PolicyTypeName, o.Name AS OrganizationName
FROM CompanyPolicy cp
JOIN PolicyType pt ON cp.PolicyTypeId = pt.Id
JOIN Organizations o ON cp.OrganizationId = o.Id
WHERE pt.Name = 'Leave & Attendance' AND cp.IsActive = 1;
